<?xml version="1.0" encoding="UTF-8"?>
<!-- Generated by org.testng.reporters.JUnitReportReporter -->
<testsuite hostname="DESKTOP-58TVSAQ" failures="0" tests="1" name="com.crm.vtiger.Practice.CreateCampaignTest" time="0.013" errors="0" timestamp="2022-03-24T14:46:37 IST" skipped="0">
  <testcase classname="com.crm.vtiger.Practice.CreateCampaignTest" name="createCampaign1" time="0.013"/>
  <system-out/>
</testsuite> <!-- com.crm.vtiger.Practice.CreateCampaignTest -->
